<?xml version="1.0" encoding="UTF-8"?>
<!DOCTYPE nmaprun>
<?xml-stylesheet href="file:///usr/bin/../share/nmap/nmap.xsl" type="text/xsl"?>
<!-- Nmap 7.80 scan initiated Sat Sep 24 16:41:55 2022 as: nmap -sS -p- -T3 -oA ./nmap/test-all-ports 127.0.0.1 -->
<nmaprun scanner="nmap" args="nmap -sS -p- -T3 -oA ./nmap/test-all-ports 127.0.0.1" start="1664030515" startstr="Sat Sep 24 16:41:55 2022" version="7.80" xmloutputversion="1.04">
<scaninfo type="syn" protocol="tcp" numservices="65535" services="1-65535"/>
<verbose level="0"/>
<debugging level="0"/>
<host starttime="1664030515" endtime="1664030515"><status state="up" reason="localhost-response" reason_ttl="0"/>
<address addr="127.0.0.1" addrtype="ipv4"/>
<hostnames>
<hostname name="localhost" type="PTR"/>
</hostnames>
<ports><extraports state="closed" count="65531">
<extrareasons reason="resets" count="65531"/>
</extraports>
<port protocol="tcp" portid="22"><state state="open" reason="syn-ack" reason_ttl="64"/><service name="ssh" method="table" conf="3"/></port>
<port protocol="tcp" portid="25"><state state="open" reason="syn-ack" reason_ttl="64"/><service name="smtp" method="table" conf="3"/></port>
<port protocol="tcp" portid="631"><state state="open" reason="syn-ack" reason_ttl="64"/><service name="ipp" method="table" conf="3"/></port>
<port protocol="tcp" portid="3306"><state state="open" reason="syn-ack" reason_ttl="64"/><service name="mysql" method="table" conf="3"/></port>
</ports>
<times srtt="1" rttvar="0" to="100000"/>
</host>
<runstats><finished time="1664030515" timestr="Sat Sep 24 16:41:55 2022" elapsed="0.35" summary="Nmap done at Sat Sep 24 16:41:55 2022; 1 IP address (1 host up) scanned in 0.35 seconds" exit="success"/><hosts up="1" down="0" total="1"/>
</runstats>
</nmaprun>
